Determining if the pthread_create exist failed with the following output:
Change Dir: /home/kimyonghwan/catkin_ws2/build/CMakeFiles/CMakeTmp

Run Build Command:"/usr/bin/make" "cmTC_27157/fast"
/usr/bin/make -f CMakeFiles/cmTC_27157.dir/build.make CMakeFiles/cmTC_27157.dir/build
make[1]: Entering directory '/home/kimyonghwan/catkin_ws2/build/CMakeFiles/CMakeTmp'
Building C object CMakeFiles/cmTC_27157.dir/CheckSymbolExists.c.o
/usr/bin/cc     -o CMakeFiles/cmTC_27157.dir/CheckSymbolExists.c.o   -c /home/kimyonghwan/catkin_ws2/build/CMakeFiles/CMakeTmp/CheckSymbolExists.c
Linking C executable cmTC_27157
/usr/bin/cmake -E cmake_link_script CMakeFiles/cmTC_27157.dir/link.txt --verbose=1
/usr/bin/cc       CMakeFiles/cmTC_27157.dir/CheckSymbolExists.c.o  -o cmTC_27157 -rdynamic 
CMakeFiles/cmTC_27157.dir/CheckSymbolExists.c.o: In function `main':
CheckSymbolExists.c:(.text+0x16): undefined reference to `pthread_create'
collect2: error: ld returned 1 exit status
CMakeFiles/cmTC_27157.dir/build.make:97: recipe for target 'cmTC_27157' failed
make[1]: *** [cmTC_27157] Error 1
make[1]: Leaving directory '/home/kimyonghwan/catkin_ws2/build/CMakeFiles/CMakeTmp'
Makefile:126: recipe for target 'cmTC_27157/fast' failed
make: *** [cmTC_27157/fast] Error 2

File /home/kimyonghwan/catkin_ws2/build/CMakeFiles/CMakeTmp/CheckSymbolExists.c:
/* */
#include <pthread.h>

int main(int argc, char** argv)
{
  (void)argv;
#ifndef pthread_create
  return ((int*)(&pthread_create))[argc];
#else
  (void)argc;
  return 0;
#endif
}

Determining if the function pthread_create exists in the pthreads failed with the following output:
Change Dir: /home/kimyonghwan/catkin_ws2/build/CMakeFiles/CMakeTmp

Run Build Command:"/usr/bin/make" "cmTC_1577f/fast"
/usr/bin/make -f CMakeFiles/cmTC_1577f.dir/build.make CMakeFiles/cmTC_1577f.dir/build
make[1]: Entering directory '/home/kimyonghwan/catkin_ws2/build/CMakeFiles/CMakeTmp'
Building C object CMakeFiles/cmTC_1577f.dir/CheckFunctionExists.c.o
/usr/bin/cc    -DCHECK_FUNCTION_EXISTS=pthread_create   -o CMakeFiles/cmTC_1577f.dir/CheckFunctionExists.c.o   -c /usr/share/cmake-3.5/Modules/CheckFunctionExists.c
Linking C executable cmTC_1577f
/usr/bin/cmake -E cmake_link_script CMakeFiles/cmTC_1577f.dir/link.txt --verbose=1
/usr/bin/cc   -DCHECK_FUNCTION_EXISTS=pthread_create    CMakeFiles/cmTC_1577f.dir/CheckFunctionExists.c.o  -o cmTC_1577f -rdynamic -lpthreads 
/usr/bin/ld: cannot find -lpthreads
collect2: error: ld returned 1 exit status
CMakeFiles/cmTC_1577f.dir/build.make:97: recipe for target 'cmTC_1577f' failed
make[1]: *** [cmTC_1577f] Error 1
make[1]: Leaving directory '/home/kimyonghwan/catkin_ws2/build/CMakeFiles/CMakeTmp'
Makefile:126: recipe for target 'cmTC_1577f/fast' failed
make: *** [cmTC_1577f/fast] Error 2


